#
# There is insufficient memory for the Java Runtime Environment to continue.
# Native memory allocation (malloc) failed to allocate 1299280 bytes for Chunk::new
# Possible reasons:
#   The system is out of physical RAM or swap space
#   In 32 bit mode, the process size limit was hit
# Possible solutions:
#   Reduce memory load on the system
#   Increase physical memory or swap space
#   Check if swap backing store is full
#   Use 64 bit Java on a 64 bit OS
#   Decrease Java heap size (-Xmx/-Xms)
#   Decrease number of Java threads
#   Decrease Java thread stack sizes (-Xss)
#   Set larger code cache with -XX:ReservedCodeCacheSize=
# This output file may be truncated or incomplete.
#
#  Out of Memory Error (allocation.cpp:323), pid=5212, tid=300
#
# JRE version: Java(TM) SE Runtime Environment (7.0_67-b01) (build 1.7.0_67-b01)
# Java VM: Java HotSpot(TM) 64-Bit Server VM (24.65-b04 mixed mode windows-amd64 compressed oops)
# Failed to write core dump. Minidumps are not enabled by default on client versions of Windows
#

---------------  T H R E A D  ---------------

Current thread (0x000000000882e800):  JavaThread "C2 CompilerThread1" daemon [_thread_in_native, id=300, stack(0x0000000009ea0000,0x0000000009fa0000)]

Stack: [0x0000000009ea0000,0x0000000009fa0000]

Current CompileTask:
C2:   4278  651   !         com.android.dx.cf.code.BytecodeArray::parseInstruction (2764 bytes)


---------------  P R O C E S S  ---------------

Java Threads: ( => current thread )
  0x0000000008834800 JavaThread "Service Thread" daemon [_thread_blocked, id=6500, stack(0x0000000009fa0000,0x000000000a0a0000)]
=>0x000000000882e800 JavaThread "C2 CompilerThread1" daemon [_thread_in_native, id=300, stack(0x0000000009ea0000,0x0000000009fa0000)]
  0x0000000008824000 JavaThread "C2 CompilerThread0" daemon [_thread_in_native, id=1156, stack(0x0000000009da0000,0x0000000009ea0000)]
  0x0000000008823000 JavaThread "Attach Listener" daemon [_thread_blocked, id=6460, stack(0x0000000009ca0000,0x0000000009da0000)]
  0x0000000008820000 JavaThread "Signal Dispatcher" daemon [_thread_blocked, id=6784, stack(0x0000000009ba0000,0x0000000009ca0000)]
  0x00000000087ef800 JavaThread "Finalizer" daemon [_thread_blocked, id=5224, stack(0x0000000009aa0000,0x0000000009ba0000)]
  0x00000000087e6800 JavaThread "Reference Handler" daemon [_thread_blocked, id=3272, stack(0x00000000099a0000,0x0000000009aa0000)]
  0x0000000002841000 JavaThread "main" [_thread_in_Java, id=3520, stack(0x00000000026f0000,0x00000000027f0000)]

Other Threads:
  0x00000000087e1800 VMThread [stack: 0x00000000098a0000,0x00000000099a0000] [id=1632]
  0x0000000008842800 WatcherThread [stack: 0x000000000a0a0000,0x000000000a1a0000] [id=3244]

VM state:not at safepoint (normal execution)

VM Mutex/Monitor currently owned by a thread: None

Heap
 PSYoungGen      total 78336K, used 44911K [0x00000000eaa80000, 0x00000000f4380000, 0x0000000100000000)
  eden space 64512K, 48% used [0x00000000eaa80000,0x00000000ec8ddbe8,0x00000000ee980000)
  from space 13824K, 99% used [0x00000000f3600000,0x00000000f437e080,0x00000000f4380000)
  to   space 8704K, 0% used [0x00000000ee980000,0x00000000ee980000,0x00000000ef200000)
 ParOldGen       total 42496K, used 27395K [0x00000000c0000000, 0x00000000c2980000, 0x00000000eaa80000)
  object space 42496K, 64% used [0x00000000c0000000,0x00000000c1ac0fd8,0x00000000c2980000)
 PSPermGen       total 21504K, used 5720K [0x00000000bae00000, 0x00000000bc300000, 0x00000000c0000000)
  object space 21504K, 26% used [0x00000000bae00000,0x00000000bb3960e8,0x00000000bc300000)

Card table byte_map: [0x0000000005a00000,0x0000000005c30000] byte_map_base: 0x0000000005429000

Polling page: 0x00000000027f0000

Code Cache  [0x0000000002940000, 0x0000000002bf0000, 0x0000000005940000)
 total_blobs=874 nmethods=640 adapters=186 free_code_cache=46501Kb largest_free_block=47541312

Compilation events (10 events):
Event: 4.044 Thread 0x0000000008824000 nmethod 631 0x0000000002bc9310 code [0x0000000002bc95e0, 0x0000000002bcac38]
Event: 4.045 Thread 0x0000000008824000  647   !         com.android.dx.cf.code.Ropper::processBlock (1101 bytes)
Event: 4.072 Thread 0x000000000882e800 nmethod 646 0x0000000002bcded0 code [0x0000000002bce120, 0x0000000002bcf320]
Event: 4.072 Thread 0x000000000882e800  648             com.android.dx.ssa.back.FirstFitLocalCombiningAllocator::processPhiInsn (255 bytes)
Event: 4.169 Thread 0x000000000882e800 nmethod 648 0x0000000002bd3f10 code [0x0000000002bd4200, 0x0000000002bd60b0]
Event: 4.169 Thread 0x000000000882e800  649             com.android.dx.ssa.PhiInsn::mapSourceRegisters (78 bytes)
Event: 4.188 Thread 0x000000000882e800 nmethod 649 0x0000000002bd2450 code [0x0000000002bd2600, 0x0000000002bd2f08]
Event: 4.188 Thread 0x000000000882e800  650             com.android.dx.dex.file.Item::<init> (5 bytes)
Event: 4.189 Thread 0x000000000882e800 nmethod 650 0x0000000002bb5bd0 code [0x0000000002bb5d00, 0x0000000002bb5d58]
Event: 4.189 Thread 0x000000000882e800  651   !         com.android.dx.cf.code.BytecodeArray::parseInstruction (2764 bytes)

GC Heap History (10 events):
Event: 1.996 GC heap before
{Heap before GC invocations=4 (full 0):
 PSYoungGen      total 18944K, used 18938K [0x00000000eaa80000, 0x00000000ecf80000, 0x0000000100000000)
  eden space 16384K, 100% used [0x00000000eaa80000,0x00000000eba80000,0x00000000eba80000)
  from space 2560K, 99% used [0x00000000eba80000,0x00000000ebcfeac0,0x00000000ebd00000)
  to   space 2560K, 0% used [0x00000000ecd00000,0x00000000ecd00000,0x00000000ecf80000)
 ParOldGen       total 42496K, used 6659K [0x00000000c0000000, 0x00000000c2980000, 0x00000000eaa80000)
  object space 42496K, 15% used [0x00000000c0000000,0x00000000c0680ec8,0x00000000c2980000)
 PSPermGen       total 21504K, used 5596K [0x00000000bae00000, 0x00000000bc300000, 0x00000000c0000000)
  object space 21504K, 26% used [0x00000000bae00000,0x00000000bb377398,0x00000000bc300000)
Event: 2.007 GC heap after
Heap after GC invocations=4 (full 0):
 PSYoungGen      total 35328K, used 2554K [0x00000000eaa80000, 0x00000000ecf80000, 0x0000000100000000)
  eden space 32768K, 0% used [0x00000000eaa80000,0x00000000eaa80000,0x00000000eca80000)
  from space 2560K, 99% used [0x00000000ecd00000,0x00000000ecf7eac0,0x00000000ecf80000)
  to   space 2560K, 0% used [0x00000000eca80000,0x00000000eca80000,0x00000000ecd00000)
 ParOldGen       total 42496K, used 8871K [0x00000000c0000000, 0x00000000c2980000, 0x00000000eaa80000)
  object space 42496K, 20% used [0x00000000c0000000,0x00000000c08a9dd0,0x00000000c2980000)
 PSPermGen       total 21504K, used 5596K [0x00000000bae00000, 0x00000000bc300000, 0x00000000c0000000)
  object space 21504K, 26% used [0x00000000bae00000,0x00000000bb377398,0x00000000bc300000)
}
Event: 2.557 GC heap before
{Heap before GC invocations=5 (full 0):
 PSYoungGen      total 35328K, used 35322K [0x00000000eaa80000, 0x00000000ecf80000, 0x0000000100000000)
  eden space 32768K, 100% used [0x00000000eaa80000,0x00000000eca80000,0x00000000eca80000)
  from space 2560K, 99% used [0x00000000ecd00000,0x00000000ecf7eac0,0x00000000ecf80000)
  to   space 2560K, 0% used [0x00000000eca80000,0x00000000eca80000,0x00000000ecd00000)
 ParOldGen       total 42496K, used 8871K [0x00000000c0000000, 0x00000000c2980000, 0x00000000eaa80000)
  object space 42496K, 20% used [0x00000000c0000000,0x00000000c08a9dd0,0x00000000c2980000)
 PSPermGen       total 21504K, used 5622K [0x00000000bae00000, 0x00000000bc300000, 0x00000000c0000000)
  object space 21504K, 26% used [0x00000000bae00000,0x00000000bb37d998,0x00000000bc300000)
Event: 2.571 GC heap after
Heap after GC invocations=5 (full 0):
 PSYoungGen      total 35328K, used 2551K [0x00000000eaa80000, 0x00000000ef980000, 0x0000000100000000)
  eden space 32768K, 0% used [0x00000000eaa80000,0x00000000eaa80000,0x00000000eca80000)
  from space 2560K, 99% used [0x00000000eca80000,0x00000000eccfdff8,0x00000000ecd00000)
  to   space 7680K, 0% used [0x00000000ef200000,0x00000000ef200000,0x00000000ef980000)
 ParOldGen       total 42496K, used 14472K [0x00000000c0000000, 0x00000000c2980000, 0x00000000eaa80000)
  object space 42496K, 34% used [0x00000000c0000000,0x00000000c0e22090,0x00000000c2980000)
 PSPermGen       total 21504K, used 5622K [0x00000000bae00000, 0x00000000bc300000, 0x00000000c0000000)
  object space 21504K, 26% used [0x00000000bae00000,0x00000000bb37d998,0x00000000bc300000)
}
Event: 3.044 GC heap before
{Heap before GC invocations=6 (full 0):
 PSYoungGen      total 35328K, used 35319K [0x00000000eaa80000, 0x00000000ef980000, 0x0000000100000000)
  eden space 32768K, 100% used [0x00000000eaa80000,0x00000000eca80000,0x00000000eca80000)
  from space 2560K, 99% used [0x00000000eca80000,0x00000000eccfdff8,0x00000000ecd00000)
  to   space 7680K, 0% used [0x00000000ef200000,0x00000000ef200000,0x00000000ef980000)
 ParOldGen       total 42496K, used 14472K [0x00000000c0000000, 0x00000000c2980000, 0x00000000eaa80000)
  object space 42496K, 34% used [0x00000000c0000000,0x00000000c0e22090,0x00000000c2980000)
 PSPermGen       total 21504K, used 5648K [0x00000000bae00000, 0x00000000bc300000, 0x00000000c0000000)
  object space 21504K, 26% used [0x00000000bae00000,0x00000000bb384098,0x00000000bc300000)
Event: 3.058 GC heap after
Heap after GC invocations=6 (full 0):
 PSYoungGen      total 72192K, used 7418K [0x00000000eaa80000, 0x00000000efb80000, 0x0000000100000000)
  eden space 64512K, 0% used [0x00000000eaa80000,0x00000000eaa80000,0x00000000ee980000)
  from space 7680K, 96% used [0x00000000ef200000,0x00000000ef93e8e0,0x00000000ef980000)
  to   space 8704K, 0% used [0x00000000ee980000,0x00000000ee980000,0x00000000ef200000)
 ParOldGen       total 42496K, used 14472K [0x00000000c0000000, 0x00000000c2980000, 0x00000000eaa80000)
  object space 42496K, 34% used [0x00000000c0000000,0x00000000c0e22090,0x00000000c2980000)
 PSPermGen       total 21504K, used 5648K [0x00000000bae00000, 0x00000000bc300000, 0x00000000c0000000)
  object space 21504K, 26% used [0x00000000bae00000,0x00000000bb384098,0x00000000bc300000)
}
Event: 3.682 GC heap before
{Heap before GC invocations=7 (full 0):
 PSYoungGen      total 72192K, used 71930K [0x00000000eaa80000, 0x00000000efb80000, 0x0000000100000000)
  eden space 64512K, 100% used [0x00000000eaa80000,0x00000000ee980000,0x00000000ee980000)
  from space 7680K, 96% used [0x00000000ef200000,0x00000000ef93e8e0,0x00000000ef980000)
  to   space 8704K, 0% used [0x00000000ee980000,0x00000000ee980000,0x00000000ef200000)
 ParOldGen       total 42496K, used 14472K [0x00000000c0000000, 0x00000000c2980000, 0x00000000eaa80000)
  object space 42496K, 34% used [0x00000000c0000000,0x00000000c0e22090,0x00000000c2980000)
 PSPermGen       total 21504K, used 5689K [0x00000000bae00000, 0x00000000bc300000, 0x00000000c0000000)
  object space 21504K, 26% used [0x00000000bae00000,0x00000000bb38e510,0x00000000bc300000)
Event: 3.708 GC heap after
Heap after GC invocations=7 (full 0):
 PSYoungGen      total 73216K, used 8679K [0x00000000eaa80000, 0x00000000f4380000, 0x0000000100000000)
  eden space 64512K, 0% used [0x00000000eaa80000,0x00000000eaa80000,0x00000000ee980000)
  from space 8704K, 99% used [0x00000000ee980000,0x00000000ef1f9c70,0x00000000ef200000)
  to   space 13824K, 0% used [0x00000000f3600000,0x00000000f3600000,0x00000000f4380000)
 ParOldGen       total 42496K, used 22325K [0x00000000c0000000, 0x00000000c2980000, 0x00000000eaa80000)
  object space 42496K, 52% used [0x00000000c0000000,0x00000000c15cd730,0x00000000c2980000)
 PSPermGen       total 21504K, used 5689K [0x00000000bae00000, 0x00000000bc300000, 0x00000000c0000000)
  object space 21504K, 26% used [0x00000000bae00000,0x00000000bb38e510,0x00000000bc300000)
}
Event: 4.079 GC heap before
{Heap before GC invocations=8 (full 0):
 PSYoungGen      total 73216K, used 73191K [0x00000000eaa80000, 0x00000000f4380000, 0x0000000100000000)
  eden space 64512K, 100% used [0x00000000eaa80000,0x00000000ee980000,0x00000000ee980000)
  from space 8704K, 99% used [0x00000000ee980000,0x00000000ef1f9c70,0x00000000ef200000)
  to   space 13824K, 0% used [0x00000000f3600000,0x00000000f3600000,0x00000000f4380000)
 ParOldGen       total 42496K, used 22325K [0x00000000c0000000, 0x00000000c2980000, 0x00000000eaa80000)
  object space 42496K, 52% used [0x00000000c0000000,0x00000000c15cd730,0x00000000c2980000)
 PSPermGen       total 21504K, used 5715K [0x00000000bae00000, 0x00000000bc300000, 0x00000000c0000000)
  object space 21504K, 26% used [0x00000000bae00000,0x00000000bb394e88,0x00000000bc300000)
Event: 4.109 GC heap after
Heap after GC invocations=8 (full 0):
 PSYoungGen      total 78336K, used 13816K [0x00000000eaa80000, 0x00000000f4380000, 0x0000000100000000)
  eden space 64512K, 0% used [0x00000000eaa80000,0x00000000eaa80000,0x00000000ee980000)
  from space 13824K, 99% used [0x00000000f3600000,0x00000000f437e080,0x00000000f4380000)
  to   space 8704K, 0% used [0x00000000ee980000,0x00000000ee980000,0x00000000ef200000)
 ParOldGen       total 42496K, used 27395K [0x00000000c0000000, 0x00000000c2980000, 0x00000000eaa80000)
  object space 42496K, 64% used [0x00000000c0000000,0x00000000c1ac0fd8,0x00000000c2980000)
 PSPermGen       total 21504K, used 5715K [0x00000000bae00000, 0x00000000bc300000, 0x00000000c0000000)
  object space 21504K, 26% used [0x00000000bae00000,0x00000000bb394e88,0x00000000bc300000)
}

Deoptimization events (10 events):
Event: 3.732 Thread 0x0000000002841000 Uncommon trap: reason=class_check action=maybe_recompile pc=0x0000000002aee5b8 method=com.android.dx.ssa.SCCP.replaceConstants()V @ 127
Event: 3.734 Thread 0x0000000002841000 Uncommon trap: reason=class_check action=maybe_recompile pc=0x0000000002aee5b8 method=com.android.dx.ssa.SCCP.replaceConstants()V @ 127
Event: 3.805 Thread 0x0000000002841000 Uncommon trap: reason=null_check action=make_not_entrant pc=0x0000000002b98548 method=com.android.dx.dex.file.FieldIdsSection.intern(Lcom/android/dx/rop/cst/CstFieldRef;)Lcom/android/dx/dex/file/FieldIdItem; @ 26
Event: 4.022 Thread 0x0000000002841000 Uncommon trap: reason=bimorphic action=maybe_recompile pc=0x0000000002bb9e60 method=com.android.dx.cf.code.BytecodeArray.parseInstruction(ILcom/android/dx/cf/code/BytecodeArray$Visitor;)I @ 1130
Event: 4.022 Thread 0x0000000002841000 Uncommon trap: reason=bimorphic action=maybe_recompile pc=0x0000000002bb9a3c method=com.android.dx.cf.code.BytecodeArray.parseInstruction(ILcom/android/dx/cf/code/BytecodeArray$Visitor;)I @ 971
Event: 4.022 Thread 0x0000000002841000 Uncommon trap: reason=bimorphic action=maybe_recompile pc=0x0000000002bb9abc method=com.android.dx.cf.code.BytecodeArray.parseInstruction(ILcom/android/dx/cf/code/BytecodeArray$Visitor;)I @ 987
Event: 4.022 Thread 0x0000000002841000 Uncommon trap: reason=bimorphic action=maybe_recompile pc=0x0000000002bb9e60 method=com.android.dx.cf.code.BytecodeArray.parseInstruction(ILcom/android/dx/cf/code/BytecodeArray$Visitor;)I @ 1130
Event: 4.023 Thread 0x0000000002841000 Uncommon trap: reason=class_check action=maybe_recompile pc=0x0000000002a5d948 method=com.android.dx.cf.code.Ropper.processBlock(Lcom/android/dx/cf/code/ByteBlock;Lcom/android/dx/cf/code/Frame;[I)V @ 777
Event: 4.023 Thread 0x0000000002841000 Uncommon trap: reason=class_check action=maybe_recompile pc=0x0000000002a5d948 method=com.android.dx.cf.code.Ropper.processBlock(Lcom/android/dx/cf/code/ByteBlock;Lcom/android/dx/cf/code/Frame;[I)V @ 777
Event: 4.023 Thread 0x0000000002841000 Uncommon trap: reason=class_check action=maybe_recompile pc=0x0000000002a5d948 method=com.android.dx.cf.code.Ropper.processBlock(Lcom/android/dx/cf/code/ByteBlock;Lcom/android/dx/cf/code/Frame;[I)V @ 777

Internal exceptions (10 events):
Event: 0.887 Thread 0x0000000002841000 Threw 0x00000000eae372f0 at C:\re\jdk7u67\1368\hotspot\src\share\vm\prims\jvm.cpp:1244
Event: 0.888 Thread 0x0000000002841000 Threw 0x00000000eae3c940 at C:\re\jdk7u67\1368\hotspot\src\share\vm\prims\jvm.cpp:1244
Event: 1.702 Thread 0x0000000002841000 Threw 0x00000000eb963218 at C:\re\jdk7u67\1368\hotspot\src\share\vm\prims\jvm.cpp:1244
Event: 2.106 Thread 0x0000000002841000 Threw 0x00000000eb1506f8 at C:\re\jdk7u67\1368\hotspot\src\share\vm\prims\jvm.cpp:1244
Event: 2.125 Thread 0x0000000002841000 Implicit null exception at 0x0000000002a846c7 to 0x0000000002a84d9d
Event: 2.709 Thread 0x0000000002841000 Threw 0x00000000eb44c9e8 at C:\re\jdk7u67\1368\hotspot\src\share\vm\prims\jvm.cpp:1244
Event: 2.713 Thread 0x0000000002841000 Implicit null exception at 0x0000000002a69d01 to 0x0000000002a6b819
Event: 2.713 Thread 0x0000000002841000 Implicit null exception at 0x0000000002a76c3f to 0x0000000002a77d49
Event: 3.393 Thread 0x0000000002841000 Threw 0x00000000ec73b388 at C:\re\jdk7u67\1368\hotspot\src\share\vm\prims\jvm.cpp:1244
Event: 3.521 Thread 0x0000000002841000 Threw 0x00000000ed0c3930 at C:\re\jdk7u67\1368\hotspot\src\share\vm\prims\jvm.cpp:1244

Events (10 events):
Event: 4.023 Thread 0x0000000002841000 DEOPT PACKING pc=0x0000000002a5d948 sp=0x00000000027eea90
Event: 4.023 Thread 0x0000000002841000 DEOPT UNPACKING pc=0x00000000029775a4 sp=0x00000000027ee9f8 mode 2
Event: 4.023 Thread 0x0000000002841000 Uncommon trap: trap_request=0xffffffde fr.pc=0x0000000002a5d948
Event: 4.023 Thread 0x0000000002841000 DEOPT PACKING pc=0x0000000002a5d948 sp=0x00000000027eea90
Event: 4.023 Thread 0x0000000002841000 DEOPT UNPACKING pc=0x00000000029775a4 sp=0x00000000027ee9f8 mode 2
Event: 4.023 Thread 0x0000000002841000 Uncommon trap: trap_request=0xffffffde fr.pc=0x0000000002a5d948
Event: 4.023 Thread 0x0000000002841000 DEOPT PACKING pc=0x0000000002a5d948 sp=0x00000000027eea90
Event: 4.023 Thread 0x0000000002841000 DEOPT UNPACKING pc=0x00000000029775a4 sp=0x00000000027ee9f8 mode 2
Event: 4.079 Executing VM operation: ParallelGCFailedAllocation
Event: 4.109 Executing VM operation: ParallelGCFailedAllocation done


Dynamic libraries:
0x00007ff73dfc0000 - 0x00007ff73dff3000 	C:\Program Files\Java\jdk1.7.0_67\bin\java.exe
0x00007ffa516e0000 - 0x00007ffa5188c000 	C:\Windows\SYSTEM32\ntdll.dll
0x00007ffa4ef60000 - 0x00007ffa4f09e000 	C:\Windows\system32\KERNEL32.DLL
0x00007ffa4e900000 - 0x00007ffa4ea15000 	C:\Windows\system32\KERNELBASE.dll
0x00007ffa4d3e0000 - 0x00007ffa4d46e000 	C:\Windows\system32\apphelp.dll
0x00007ffa443a0000 - 0x00007ffa443f3000 	C:\Windows\AppPatch\AppPatch64\AcGenral.DLL
0x00007ffa51140000 - 0x00007ffa511ea000 	C:\Windows\system32\msvcrt.dll
0x00007ffa4e6d0000 - 0x00007ffa4e6fe000 	C:\Windows\SYSTEM32\SspiCli.dll
0x00007ffa4f0a0000 - 0x00007ffa4f0f4000 	C:\Windows\system32\SHLWAPI.dll
0x00007ffa4ed60000 - 0x00007ffa4eed7000 	C:\Windows\system32\USER32.dll
0x00007ffa50b00000 - 0x00007ffa50c94000 	C:\Windows\system32\ole32.dll
0x00007ffa4f100000 - 0x00007ffa50618000 	C:\Windows\system32\SHELL32.dll
0x00007ffa4ddd0000 - 0x00007ffa4ddf1000 	C:\Windows\SYSTEM32\USERENV.dll
0x00007ffa51630000 - 0x00007ffa516da000 	C:\Windows\system32\ADVAPI32.dll
0x00007ffa43850000 - 0x00007ffa4386e000 	C:\Windows\SYSTEM32\MPR.dll
0x00007ffa50ff0000 - 0x00007ffa51131000 	C:\Windows\system32\RPCRT4.dll
0x00007ffa513e0000 - 0x00007ffa51439000 	C:\Windows\SYSTEM32\sechost.dll
0x00007ffa508e0000 - 0x00007ffa50af1000 	C:\Windows\SYSTEM32\combase.dll
0x00007ffa51210000 - 0x00007ffa51361000 	C:\Windows\system32\GDI32.dll
0x00007ffa4e830000 - 0x00007ffa4e845000 	C:\Windows\SYSTEM32\profapi.dll
0x00007ffa4d060000 - 0x00007ffa4d112000 	C:\Windows\SYSTEM32\SHCORE.dll
0x00007ffa515f0000 - 0x00007ffa51626000 	C:\Windows\system32\IMM32.DLL
0x00007ffa50e30000 - 0x00007ffa50f82000 	C:\Windows\system32\MSCTF.dll
0x00007ffa4b220000 - 0x00007ffa4b49a000 	C:\Windows\WinSxS\amd64_microsoft.windows.common-controls_6595b64144ccf1df_6.0.9600.17810_none_6240b9c7ecbd0bda\COMCTL32.dll
0x0000000054030000 - 0x0000000054102000 	C:\Program Files\Java\jdk1.7.0_67\jre\bin\msvcr100.dll
0x0000000054530000 - 0x0000000054d02000 	C:\Program Files\Java\jdk1.7.0_67\jre\bin\server\jvm.dll
0x00007ffa48020000 - 0x00007ffa48029000 	C:\Windows\SYSTEM32\WSOCK32.dll
0x00007ffa438c0000 - 0x00007ffa438e2000 	C:\Windows\SYSTEM32\WINMM.dll
0x00007ffa51370000 - 0x00007ffa51377000 	C:\Windows\system32\PSAPI.DLL
0x00007ffa50f90000 - 0x00007ffa50fea000 	C:\Windows\system32\WS2_32.dll
0x00007ffa43890000 - 0x00007ffa438ba000 	C:\Windows\SYSTEM32\WINMMBASE.dll
0x00007ffa4eee0000 - 0x00007ffa4eee9000 	C:\Windows\system32\NSI.dll
0x00007ffa4eb30000 - 0x00007ffa4eb7f000 	C:\Windows\SYSTEM32\cfgmgr32.dll
0x00007ffa4d650000 - 0x00007ffa4d678000 	C:\Windows\SYSTEM32\DEVOBJ.dll
0x0000000054520000 - 0x000000005452f000 	C:\Program Files\Java\jdk1.7.0_67\jre\bin\verify.dll
0x00000000544f0000 - 0x0000000054518000 	C:\Program Files\Java\jdk1.7.0_67\jre\bin\java.dll
0x00000000544d0000 - 0x00000000544e5000 	C:\Program Files\Java\jdk1.7.0_67\jre\bin\zip.dll
0x00000000544b0000 - 0x00000000544c9000 	C:\Program Files\Java\jdk1.7.0_67\jre\bin\net.dll
0x00007ffa4e040000 - 0x00007ffa4e099000 	C:\Windows\system32\mswsock.dll
0x0000000054490000 - 0x00000000544a1000 	C:\Program Files\Java\jdk1.7.0_67\jre\bin\nio.dll

VM Arguments:
jvm_args: -Xmx1024M -Dfile.encoding=windows-1252 -Duser.country=FR -Duser.language=fr -Duser.variant 
java_command: com.android.dx.command.Main --dex --multi-dex --main-dex-list C:\Users\Abdel\StudioProjects\KhbarY\app\build\intermediates\multi-dex\debug\maindexlist.txt --output C:\Users\Abdel\StudioProjects\KhbarY\app\build\intermediates\dex\debug C:\Users\Abdel\StudioProjects\KhbarY\app\build\intermediates\multi-dex\debug\allclasses.jar
Launcher Type: SUN_STANDARD

Environment Variables:
JAVA_HOME=C:\Program Files\Java\jdk1.7.0_67
CLASSPATH=c:\tibco\tibrv\LIB\tibrvj.jar
PATH=
[error occurred during error reporting (printing environment variables), id 0xc0000005]



---------------  S Y S T E M  ---------------

OS: Windows 8.1 , 64 bit Build 9600 

CPU:total 4 (2 cores per cpu, 2 threads per core) family 6 model 42 stepping 7, cmov, cx8, fxsr, mmx, sse, sse2, sse3, ssse3, sse4.1, sse4.2, popcnt, avx, aes, ht, tsc, tscinvbit

Memory: 4k page, physical 4073632k(158372k free), swap 11334656k(10620k free)

vm_info: Java HotSpot(TM) 64-Bit Server VM (24.65-b04) for windows-amd64 JRE (1.7.0_67-b01), built on Jul 25 2014 08:55:00 by "java_re" with unknown MS VC++:1600

time: Sat Jul 04 02:13:22 2015
elapsed time: 4 seconds

