#
# There is insufficient memory for the Java Runtime Environment to continue.
# Native memory allocation (malloc) failed to allocate 1631968 bytes for Chunk::new
# Possible reasons:
#   The system is out of physical RAM or swap space
#   In 32 bit mode, the process size limit was hit
# Possible solutions:
#   Reduce memory load on the system
#   Increase physical memory or swap space
#   Check if swap backing store is full
#   Use 64 bit Java on a 64 bit OS
#   Decrease Java heap size (-Xmx/-Xms)
#   Decrease number of Java threads
#   Decrease Java thread stack sizes (-Xss)
#   Set larger code cache with -XX:ReservedCodeCacheSize=
# This output file may be truncated or incomplete.
#
#  Out of Memory Error (allocation.cpp:323), pid=3428, tid=3924
#
# JRE version: Java(TM) SE Runtime Environment (7.0_67-b01) (build 1.7.0_67-b01)
# Java VM: Java HotSpot(TM) 64-Bit Server VM (24.65-b04 mixed mode windows-amd64 compressed oops)
# Failed to write core dump. Minidumps are not enabled by default on client versions of Windows
#

---------------  T H R E A D  ---------------

Current thread (0x0000000008876000):  JavaThread "C2 CompilerThread1" daemon [_thread_in_native, id=3924, stack(0x0000000009f00000,0x000000000a000000)]

Stack: [0x0000000009f00000,0x000000000a000000]

Current CompileTask:
C2:  12058  780   !         com.android.dx.dex.cf.CfTranslator::processMethods (583 bytes)


---------------  P R O C E S S  ---------------

Java Threads: ( => current thread )
  0x0000000008889000 JavaThread "Service Thread" daemon [_thread_blocked, id=292, stack(0x000000000a000000,0x000000000a100000)]
=>0x0000000008876000 JavaThread "C2 CompilerThread1" daemon [_thread_in_native, id=3924, stack(0x0000000009f00000,0x000000000a000000)]
  0x0000000008874000 JavaThread "C2 CompilerThread0" daemon [_thread_blocked, id=5464, stack(0x0000000009e00000,0x0000000009f00000)]
  0x0000000008873000 JavaThread "Attach Listener" daemon [_thread_blocked, id=6028, stack(0x0000000009d00000,0x0000000009e00000)]
  0x0000000008870000 JavaThread "Signal Dispatcher" daemon [_thread_blocked, id=6740, stack(0x0000000009c00000,0x0000000009d00000)]
  0x000000000883f800 JavaThread "Finalizer" daemon [_thread_blocked, id=5496, stack(0x0000000009b00000,0x0000000009c00000)]
  0x0000000008836800 JavaThread "Reference Handler" daemon [_thread_blocked, id=2424, stack(0x0000000009a00000,0x0000000009b00000)]
  0x00000000028e1000 JavaThread "main" [_thread_blocked, id=612, stack(0x0000000002730000,0x0000000002830000)]

Other Threads:
  0x0000000008831800 VMThread [stack: 0x0000000009900000,0x0000000009a00000] [id=5792]
  0x00000000088a4000 WatcherThread [stack: 0x000000000a100000,0x000000000a200000] [id=4368]

VM state:at safepoint (normal execution)

VM Mutex/Monitor currently owned by a thread:  ([mutex/lock_event])
[0x00000000028dc7a0] Threads_lock - owner thread: 0x0000000008831800
[0x00000000028dbea0] Heap_lock - owner thread: 0x00000000028e1000

Heap
 PSYoungGen      total 142848K, used 124928K [0x00000000eaa80000, 0x00000000fa100000, 0x0000000100000000)
  eden space 124928K, 100% used [0x00000000eaa80000,0x00000000f2480000,0x00000000f2480000)
  from space 17920K, 0% used [0x00000000f2480000,0x00000000f2480000,0x00000000f3600000)
  to   space 26112K, 0% used [0x00000000f8780000,0x00000000f8780000,0x00000000fa100000)
 ParOldGen       total 42496K, used 42427K [0x00000000c0000000, 0x00000000c2980000, 0x00000000eaa80000)
  object space 42496K, 99% used [0x00000000c0000000,0x00000000c296eca0,0x00000000c2980000)
 PSPermGen       total 21504K, used 5821K [0x00000000bae00000, 0x00000000bc300000, 0x00000000c0000000)
  object space 21504K, 27% used [0x00000000bae00000,0x00000000bb3af410,0x00000000bc300000)

Card table byte_map: [0x0000000005aa0000,0x0000000005cd0000] byte_map_base: 0x00000000054c9000

Polling page: 0x0000000000f50000

Code Cache  [0x00000000029e0000, 0x0000000002d00000, 0x00000000059e0000)
 total_blobs=1070 nmethods=836 adapters=186 free_code_cache=46322Kb largest_free_block=47073280

Compilation events (10 events):
Event: 9.017 Thread 0x0000000008874000  798   !         com.android.dx.cf.code.OneLocalsArray::merge (31 bytes)
Event: 9.017 Thread 0x0000000008874000 nmethod 798 0x0000000002afee10 code [0x0000000002afef60, 0x0000000002aff008]
Event: 9.017 Thread 0x0000000008874000  799   !         com.android.dx.cf.code.ExecutionStack::merge (31 bytes)
Event: 9.018 Thread 0x0000000008874000 nmethod 799 0x0000000002afeb50 code [0x0000000002afeca0, 0x0000000002afed48]
Event: 9.018 Thread 0x0000000008874000  800             com.android.dx.cf.code.Frame::mergeSubroutineLists (90 bytes)
Event: 9.018 Thread 0x0000000008874000 nmethod 800 0x0000000002afdbd0 code [0x0000000002afdd00, 0x0000000002afdd98]
Event: 9.018 Thread 0x0000000008874000  801             com.android.dx.util.IntList::equals (82 bytes)
Event: 9.019 Thread 0x0000000008874000 nmethod 801 0x0000000002afd990 code [0x0000000002afdac0, 0x0000000002afdb38]
Event: 9.019 Thread 0x0000000008874000  802             com.android.dx.cf.code.Frame::adjustLocalsForSubroutines (28 bytes)
Event: 9.019 Thread 0x0000000008874000 nmethod 802 0x0000000002afd6d0 code [0x0000000002afd820, 0x0000000002afd8b8]

GC Heap History (10 events):
Event: 5.678 GC heap after
Heap after GC invocations=10 (full 1):
 PSYoungGen      total 142848K, used 12241K [0x00000000eaa80000, 0x00000000fa100000, 0x0000000100000000)
  eden space 124928K, 0% used [0x00000000eaa80000,0x00000000eaa80000,0x00000000f2480000)
  from space 17920K, 68% used [0x00000000f2480000,0x00000000f3074638,0x00000000f3600000)
  to   space 26112K, 0% used [0x00000000f8780000,0x00000000f8780000,0x00000000fa100000)
 ParOldGen       total 42496K, used 42200K [0x00000000c0000000, 0x00000000c2980000, 0x00000000eaa80000)
  object space 42496K, 99% used [0x00000000c0000000,0x00000000c2936298,0x00000000c2980000)
 PSPermGen       total 21504K, used 5768K [0x00000000bae00000, 0x00000000bc300000, 0x00000000c0000000)
  object space 21504K, 26% used [0x00000000bae00000,0x00000000bb3a23f8,0x00000000bc300000)
}
Event: 6.257 GC heap before
{Heap before GC invocations=11 (full 2):
 PSYoungGen      total 142848K, used 137169K [0x00000000eaa80000, 0x00000000fa100000, 0x0000000100000000)
  eden space 124928K, 100% used [0x00000000eaa80000,0x00000000f2480000,0x00000000f2480000)
  from space 17920K, 68% used [0x00000000f2480000,0x00000000f3074638,0x00000000f3600000)
  to   space 26112K, 0% used [0x00000000f8780000,0x00000000f8780000,0x00000000fa100000)
 ParOldGen       total 42496K, used 42200K [0x00000000c0000000, 0x00000000c2980000, 0x00000000eaa80000)
  object space 42496K, 99% used [0x00000000c0000000,0x00000000c2936298,0x00000000c2980000)
 PSPermGen       total 21504K, used 5784K [0x00000000bae00000, 0x00000000bc300000, 0x00000000c0000000)
  object space 21504K, 26% used [0x00000000bae00000,0x00000000bb3a6190,0x00000000bc300000)
Event: 6.720 GC heap after
Heap after GC invocations=11 (full 2):
 PSYoungGen      total 142848K, used 30974K [0x00000000eaa80000, 0x00000000fa100000, 0x0000000100000000)
  eden space 124928K, 24% used [0x00000000eaa80000,0x00000000ec8bf9f0,0x00000000f2480000)
  from space 17920K, 0% used [0x00000000f2480000,0x00000000f2480000,0x00000000f3600000)
  to   space 26112K, 0% used [0x00000000f8780000,0x00000000f8780000,0x00000000fa100000)
 ParOldGen       total 42496K, used 42473K [0x00000000c0000000, 0x00000000c2980000, 0x00000000eaa80000)
  object space 42496K, 99% used [0x00000000c0000000,0x00000000c297a728,0x00000000c2980000)
 PSPermGen       total 21504K, used 5784K [0x00000000bae00000, 0x00000000bc300000, 0x00000000c0000000)
  object space 21504K, 26% used [0x00000000bae00000,0x00000000bb3a6030,0x00000000bc300000)
}
Event: 7.090 GC heap before
{Heap before GC invocations=12 (full 3):
 PSYoungGen      total 142848K, used 124928K [0x00000000eaa80000, 0x00000000fa100000, 0x0000000100000000)
  eden space 124928K, 100% used [0x00000000eaa80000,0x00000000f2480000,0x00000000f2480000)
  from space 17920K, 0% used [0x00000000f2480000,0x00000000f2480000,0x00000000f3600000)
  to   space 26112K, 0% used [0x00000000f8780000,0x00000000f8780000,0x00000000fa100000)
 ParOldGen       total 42496K, used 42473K [0x00000000c0000000, 0x00000000c2980000, 0x00000000eaa80000)
  object space 42496K, 99% used [0x00000000c0000000,0x00000000c297a728,0x00000000c2980000)
 PSPermGen       total 21504K, used 5795K [0x00000000bae00000, 0x00000000bc300000, 0x00000000c0000000)
  object space 21504K, 26% used [0x00000000bae00000,0x00000000bb3a8f38,0x00000000bc300000)
Event: 7.504 GC heap after
Heap after GC invocations=12 (full 3):
 PSYoungGen      total 142848K, used 45324K [0x00000000eaa80000, 0x00000000fa100000, 0x0000000100000000)
  eden space 124928K, 36% used [0x00000000eaa80000,0x00000000ed6c31b0,0x00000000f2480000)
  from space 17920K, 0% used [0x00000000f2480000,0x00000000f2480000,0x00000000f3600000)
  to   space 26112K, 0% used [0x00000000f8780000,0x00000000f8780000,0x00000000fa100000)
 ParOldGen       total 42496K, used 42427K [0x00000000c0000000, 0x00000000c2980000, 0x00000000eaa80000)
  object space 42496K, 99% used [0x00000000c0000000,0x00000000c296eca0,0x00000000c2980000)
 PSPermGen       total 21504K, used 5795K [0x00000000bae00000, 0x00000000bc300000, 0x00000000c0000000)
  object space 21504K, 26% used [0x00000000bae00000,0x00000000bb3a8e98,0x00000000bc300000)
}
Event: 7.774 GC heap before
{Heap before GC invocations=13 (full 4):
 PSYoungGen      total 142848K, used 124928K [0x00000000eaa80000, 0x00000000fa100000, 0x0000000100000000)
  eden space 124928K, 100% used [0x00000000eaa80000,0x00000000f2480000,0x00000000f2480000)
  from space 17920K, 0% used [0x00000000f2480000,0x00000000f2480000,0x00000000f3600000)
  to   space 26112K, 0% used [0x00000000f8780000,0x00000000f8780000,0x00000000fa100000)
 ParOldGen       total 42496K, used 42427K [0x00000000c0000000, 0x00000000c2980000, 0x00000000eaa80000)
  object space 42496K, 99% used [0x00000000c0000000,0x00000000c296eca0,0x00000000c2980000)
 PSPermGen       total 21504K, used 5802K [0x00000000bae00000, 0x00000000bc300000, 0x00000000c0000000)
  object space 21504K, 26% used [0x00000000bae00000,0x00000000bb3aab68,0x00000000bc300000)
Event: 8.183 GC heap after
Heap after GC invocations=13 (full 4):
 PSYoungGen      total 142848K, used 57291K [0x00000000eaa80000, 0x00000000fa100000, 0x0000000100000000)
  eden space 124928K, 45% used [0x00000000eaa80000,0x00000000ee272d38,0x00000000f2480000)
  from space 17920K, 0% used [0x00000000f2480000,0x00000000f2480000,0x00000000f3600000)
  to   space 26112K, 0% used [0x00000000f8780000,0x00000000f8780000,0x00000000fa100000)
 ParOldGen       total 42496K, used 42427K [0x00000000c0000000, 0x00000000c2980000, 0x00000000eaa80000)
  object space 42496K, 99% used [0x00000000c0000000,0x00000000c296eca0,0x00000000c2980000)
 PSPermGen       total 21504K, used 5802K [0x00000000bae00000, 0x00000000bc300000, 0x00000000c0000000)
  object space 21504K, 26% used [0x00000000bae00000,0x00000000bb3aab68,0x00000000bc300000)
}
Event: 8.467 GC heap before
{Heap before GC invocations=14 (full 5):
 PSYoungGen      total 142848K, used 124928K [0x00000000eaa80000, 0x00000000fa100000, 0x0000000100000000)
  eden space 124928K, 100% used [0x00000000eaa80000,0x00000000f2480000,0x00000000f2480000)
  from space 17920K, 0% used [0x00000000f2480000,0x00000000f2480000,0x00000000f3600000)
  to   space 26112K, 0% used [0x00000000f8780000,0x00000000f8780000,0x00000000fa100000)
 ParOldGen       total 42496K, used 42427K [0x00000000c0000000, 0x00000000c2980000, 0x00000000eaa80000)
  object space 42496K, 99% used [0x00000000c0000000,0x00000000c296eca0,0x00000000c2980000)
 PSPermGen       total 21504K, used 5805K [0x00000000bae00000, 0x00000000bc300000, 0x00000000c0000000)
  object space 21504K, 26% used [0x00000000bae00000,0x00000000bb3ab778,0x00000000bc300000)
Event: 8.872 GC heap after
Heap after GC invocations=14 (full 5):
 PSYoungGen      total 142848K, used 67850K [0x00000000eaa80000, 0x00000000fa100000, 0x0000000100000000)
  eden space 124928K, 54% used [0x00000000eaa80000,0x00000000eecc2968,0x00000000f2480000)
  from space 17920K, 0% used [0x00000000f2480000,0x00000000f2480000,0x00000000f3600000)
  to   space 26112K, 0% used [0x00000000f8780000,0x00000000f8780000,0x00000000fa100000)
 ParOldGen       total 42496K, used 42427K [0x00000000c0000000, 0x00000000c2980000, 0x00000000eaa80000)
  object space 42496K, 99% used [0x00000000c0000000,0x00000000c296eca0,0x00000000c2980000)
 PSPermGen       total 21504K, used 5805K [0x00000000bae00000, 0x00000000bc300000, 0x00000000c0000000)
  object space 21504K, 26% used [0x00000000bae00000,0x00000000bb3ab758,0x00000000bc300000)
}
Event: 9.102 GC heap before
{Heap before GC invocations=15 (full 6):
 PSYoungGen      total 142848K, used 124928K [0x00000000eaa80000, 0x00000000fa100000, 0x0000000100000000)
  eden space 124928K, 100% used [0x00000000eaa80000,0x00000000f2480000,0x00000000f2480000)
  from space 17920K, 0% used [0x00000000f2480000,0x00000000f2480000,0x00000000f3600000)
  to   space 26112K, 0% used [0x00000000f8780000,0x00000000f8780000,0x00000000fa100000)
 ParOldGen       total 42496K, used 42427K [0x00000000c0000000, 0x00000000c2980000, 0x00000000eaa80000)
  object space 42496K, 99% used [0x00000000c0000000,0x00000000c296eca0,0x00000000c2980000)
 PSPermGen       total 21504K, used 5808K [0x00000000bae00000, 0x00000000bc300000, 0x00000000c0000000)
  object space 21504K, 27% used [0x00000000bae00000,0x00000000bb3ac0e8,0x00000000bc300000)

Deoptimization events (10 events):
Event: 6.137 Thread 0x00000000028e1000 Uncommon trap: reason=bimorphic action=maybe_recompile pc=0x0000000002b2fa44 method=com.android.dx.ssa.LiteralOpUpgrader.tryReplacingWithConstant(Lcom/android/dx/ssa/NormalSsaInsn;)Z @ 62
Event: 6.138 Thread 0x00000000028e1000 Uncommon trap: reason=bimorphic action=maybe_recompile pc=0x0000000002b2fa44 method=com.android.dx.ssa.LiteralOpUpgrader.tryReplacingWithConstant(Lcom/android/dx/ssa/NormalSsaInsn;)Z @ 62
Event: 6.794 Thread 0x00000000028e1000 Uncommon trap: reason=class_check action=maybe_recompile pc=0x0000000002b3d728 method=com.android.dx.rop.cst.CstKnownNull.equals(Ljava/lang/Object;)Z @ 1
Event: 6.827 Thread 0x00000000028e1000 Uncommon trap: reason=bimorphic action=maybe_recompile pc=0x0000000002cd8988 method=com.android.dx.cf.code.BytecodeArray.parseInstruction(ILcom/android/dx/cf/code/BytecodeArray$Visitor;)I @ 1051
Event: 6.827 Thread 0x00000000028e1000 Uncommon trap: reason=bimorphic action=maybe_recompile pc=0x0000000002cd8988 method=com.android.dx.cf.code.BytecodeArray.parseInstruction(ILcom/android/dx/cf/code/BytecodeArray$Visitor;)I @ 1051
Event: 7.695 Thread 0x00000000028e1000 Uncommon trap: reason=bimorphic action=maybe_recompile pc=0x0000000002b2fa44 method=com.android.dx.ssa.LiteralOpUpgrader.tryReplacingWithConstant(Lcom/android/dx/ssa/NormalSsaInsn;)Z @ 62
Event: 8.367 Thread 0x00000000028e1000 Uncommon trap: reason=class_check action=maybe_recompile pc=0x0000000002b3dc8c method=com.android.dx.cf.code.OneLocalsArray.set(ILcom/android/dx/rop/type/TypeBearer;)V @ 85
Event: 8.374 Thread 0x00000000028e1000 Uncommon trap: reason=class_check action=maybe_recompile pc=0x0000000002b3dc8c method=com.android.dx.cf.code.OneLocalsArray.set(ILcom/android/dx/rop/type/TypeBearer;)V @ 85
Event: 8.375 Thread 0x00000000028e1000 Uncommon trap: reason=class_check action=maybe_recompile pc=0x0000000002b3dc8c method=com.android.dx.cf.code.OneLocalsArray.set(ILcom/android/dx/rop/type/TypeBearer;)V @ 85
Event: 8.380 Thread 0x00000000028e1000 Uncommon trap: reason=class_check action=maybe_recompile pc=0x0000000002b3dc8c method=com.android.dx.cf.code.OneLocalsArray.set(ILcom/android/dx/rop/type/TypeBearer;)V @ 85

Internal exceptions (10 events):
Event: 2.932 Thread 0x00000000028e1000 Threw 0x00000000eb43ebc0 at C:\re\jdk7u67\1368\hotspot\src\share\vm\prims\jvm.cpp:1244
Event: 2.937 Thread 0x00000000028e1000 Implicit null exception at 0x0000000002b08607 to 0x0000000002b0a065
Event: 2.937 Thread 0x00000000028e1000 Implicit null exception at 0x0000000002b154bf to 0x0000000002b165cd
Event: 3.686 Thread 0x00000000028e1000 Threw 0x00000000ec71f2c8 at C:\re\jdk7u67\1368\hotspot\src\share\vm\prims\jvm.cpp:1244
Event: 3.814 Thread 0x00000000028e1000 Threw 0x00000000ed09d128 at C:\re\jdk7u67\1368\hotspot\src\share\vm\prims\jvm.cpp:1244
Event: 4.642 Thread 0x00000000028e1000 Threw 0x00000000ec62cda8 at C:\re\jdk7u67\1368\hotspot\src\share\vm\prims\jvm.cpp:1244
Event: 4.802 Thread 0x00000000028e1000 Implicit null exception at 0x0000000002c01c7c to 0x0000000002c01edd
Event: 4.803 Thread 0x00000000028e1000 Implicit null exception at 0x0000000002b29930 to 0x0000000002b2a2a9
Event: 4.873 Thread 0x00000000028e1000 Implicit null exception at 0x0000000002acbca8 to 0x0000000002acbef5
Event: 4.873 Thread 0x00000000028e1000 Implicit null exception at 0x0000000002aac41c to 0x0000000002aac529

Events (10 events):
Event: 8.375 Thread 0x00000000028e1000 DEOPT UNPACKING pc=0x0000000002a175a4 sp=0x000000000282e5e8 mode 2
Event: 8.380 Thread 0x00000000028e1000 Uncommon trap: trap_request=0xffffffde fr.pc=0x0000000002b3dc8c
Event: 8.380 Thread 0x00000000028e1000 DEOPT PACKING pc=0x0000000002b3dc8c sp=0x000000000282e650
Event: 8.380 Thread 0x00000000028e1000 DEOPT UNPACKING pc=0x0000000002a175a4 sp=0x000000000282e5e8 mode 2
Event: 8.397 Thread 0x0000000008874000 flushing nmethod 0x0000000002c0d6d0
Event: 8.467 Executing VM operation: ParallelGCFailedAllocation
Event: 8.872 Executing VM operation: ParallelGCFailedAllocation done
Event: 8.897 Thread 0x0000000008874000 flushing nmethod 0x0000000002c45710
Event: 8.918 Thread 0x0000000008874000 flushing nmethod 0x0000000002c66950
Event: 9.102 Executing VM operation: ParallelGCFailedAllocation


Dynamic libraries:
0x00007ff73dfc0000 - 0x00007ff73dff3000 	C:\Program Files\Java\jdk1.7.0_67\bin\java.exe
0x00007ffa516e0000 - 0x00007ffa5188c000 	C:\Windows\SYSTEM32\ntdll.dll
0x00007ffa4ef60000 - 0x00007ffa4f09e000 	C:\Windows\system32\KERNEL32.DLL
0x00007ffa4e900000 - 0x00007ffa4ea15000 	C:\Windows\system32\KERNELBASE.dll
0x00007ffa4d3e0000 - 0x00007ffa4d46e000 	C:\Windows\system32\apphelp.dll
0x00007ffa443a0000 - 0x00007ffa443f3000 	C:\Windows\AppPatch\AppPatch64\AcGenral.DLL
0x00007ffa51140000 - 0x00007ffa511ea000 	C:\Windows\system32\msvcrt.dll
0x00007ffa4e6d0000 - 0x00007ffa4e6fe000 	C:\Windows\SYSTEM32\SspiCli.dll
0x00007ffa4f0a0000 - 0x00007ffa4f0f4000 	C:\Windows\system32\SHLWAPI.dll
0x00007ffa4ed60000 - 0x00007ffa4eed7000 	C:\Windows\system32\USER32.dll
0x00007ffa50b00000 - 0x00007ffa50c94000 	C:\Windows\system32\ole32.dll
0x00007ffa4f100000 - 0x00007ffa50618000 	C:\Windows\system32\SHELL32.dll
0x00007ffa4ddd0000 - 0x00007ffa4ddf1000 	C:\Windows\SYSTEM32\USERENV.dll
0x00007ffa51630000 - 0x00007ffa516da000 	C:\Windows\system32\ADVAPI32.dll
0x00007ffa43850000 - 0x00007ffa4386e000 	C:\Windows\SYSTEM32\MPR.dll
0x00007ffa50ff0000 - 0x00007ffa51131000 	C:\Windows\system32\RPCRT4.dll
0x00007ffa513e0000 - 0x00007ffa51439000 	C:\Windows\SYSTEM32\sechost.dll
0x00007ffa508e0000 - 0x00007ffa50af1000 	C:\Windows\SYSTEM32\combase.dll
0x00007ffa51210000 - 0x00007ffa51361000 	C:\Windows\system32\GDI32.dll
0x00007ffa4e830000 - 0x00007ffa4e845000 	C:\Windows\SYSTEM32\profapi.dll
0x00007ffa4d060000 - 0x00007ffa4d112000 	C:\Windows\SYSTEM32\SHCORE.dll
0x00007ffa515f0000 - 0x00007ffa51626000 	C:\Windows\system32\IMM32.DLL
0x00007ffa50e30000 - 0x00007ffa50f82000 	C:\Windows\system32\MSCTF.dll
0x00007ffa4b220000 - 0x00007ffa4b49a000 	C:\Windows\WinSxS\amd64_microsoft.windows.common-controls_6595b64144ccf1df_6.0.9600.17810_none_6240b9c7ecbd0bda\COMCTL32.dll
0x0000000054030000 - 0x0000000054102000 	C:\Program Files\Java\jdk1.7.0_67\jre\bin\msvcr100.dll
0x0000000054530000 - 0x0000000054d02000 	C:\Program Files\Java\jdk1.7.0_67\jre\bin\server\jvm.dll
0x00007ffa48020000 - 0x00007ffa48029000 	C:\Windows\SYSTEM32\WSOCK32.dll
0x00007ffa438c0000 - 0x00007ffa438e2000 	C:\Windows\SYSTEM32\WINMM.dll
0x00007ffa51370000 - 0x00007ffa51377000 	C:\Windows\system32\PSAPI.DLL
0x00007ffa50f90000 - 0x00007ffa50fea000 	C:\Windows\system32\WS2_32.dll
0x00007ffa43890000 - 0x00007ffa438ba000 	C:\Windows\SYSTEM32\WINMMBASE.dll
0x00007ffa4eee0000 - 0x00007ffa4eee9000 	C:\Windows\system32\NSI.dll
0x00007ffa4eb30000 - 0x00007ffa4eb7f000 	C:\Windows\SYSTEM32\cfgmgr32.dll
0x00007ffa4d650000 - 0x00007ffa4d678000 	C:\Windows\SYSTEM32\DEVOBJ.dll
0x0000000054520000 - 0x000000005452f000 	C:\Program Files\Java\jdk1.7.0_67\jre\bin\verify.dll
0x00000000544f0000 - 0x0000000054518000 	C:\Program Files\Java\jdk1.7.0_67\jre\bin\java.dll
0x00000000544d0000 - 0x00000000544e5000 	C:\Program Files\Java\jdk1.7.0_67\jre\bin\zip.dll
0x00000000544b0000 - 0x00000000544c9000 	C:\Program Files\Java\jdk1.7.0_67\jre\bin\net.dll
0x00007ffa4e040000 - 0x00007ffa4e099000 	C:\Windows\system32\mswsock.dll
0x0000000054490000 - 0x00000000544a1000 	C:\Program Files\Java\jdk1.7.0_67\jre\bin\nio.dll

VM Arguments:
jvm_args: -Xmx1024M -Dfile.encoding=windows-1252 -Duser.country=FR -Duser.language=fr -Duser.variant 
java_command: com.android.dx.command.Main --dex --multi-dex --main-dex-list C:\Users\Abdel\StudioProjects\KhbarY\app\build\intermediates\multi-dex\debug\maindexlist.txt --output C:\Users\Abdel\StudioProjects\KhbarY\app\build\intermediates\dex\debug C:\Users\Abdel\StudioProjects\KhbarY\app\build\intermediates\multi-dex\debug\allclasses.jar
Launcher Type: SUN_STANDARD

Environment Variables:
JAVA_HOME=C:\Program Files\Java\jdk1.7.0_67
CLASSPATH=c:\tibco\tibrv\LIB\tibrvj.jar
PATH=
[error occurred during error reporting (printing environment variables), id 0xc0000005]



---------------  S Y S T E M  ---------------

OS: Windows 8.1 , 64 bit Build 9600 

CPU:total 4 (2 cores per cpu, 2 threads per core) family 6 model 42 stepping 7, cmov, cx8, fxsr, mmx, sse, sse2, sse3, ssse3, sse4.1, sse4.2, popcnt, avx, aes, ht, tsc, tscinvbit

Memory: 4k page, physical 4073632k(186076k free), swap 11334656k(4120k free)

vm_info: Java HotSpot(TM) 64-Bit Server VM (24.65-b04) for windows-amd64 JRE (1.7.0_67-b01), built on Jul 25 2014 08:55:00 by "java_re" with unknown MS VC++:1600

time: Sat Jul 04 02:06:29 2015
elapsed time: 14 seconds

